<?xml version="1.0" encoding="UTF-8"?>
<testng-results skipped="0" failed="0" total="2" passed="2">
  <reporter-output>
  </reporter-output>
  <suite name="Suite" duration-ms="6080" started-at="2020-05-07T19:46:40Z" finished-at="2020-05-07T19:46:46Z">
    <groups>
    </groups>
    <test name="TestNg" duration-ms="6080" started-at="2020-05-07T19:46:40Z" finished-at="2020-05-07T19:46:46Z">
      <class name="testRunners.TestRunner">
        <test-method status="PASS" signature="setUpClass()[pri:0, instance:testRunners.TestRunner@59a6e353]" name="setUpClass" is-config="true" duration-ms="153" started-at="2020-05-08T01:16:41Z" finished-at="2020-05-08T01:16:41Z">
          <reporter-output>
          </reporter-output>
        </test-method> <!-- setUpClass -->
        <test-method status="PASS" signature="feature(cucumber.api.testng.PickleEventWrapper, cucumber.api.testng.CucumberFeatureWrapper)[pri:0, instance:testRunners.TestRunner@59a6e353]" name="feature" duration-ms="4194" started-at="2020-05-08T01:16:41Z" data-provider="features" finished-at="2020-05-08T01:16:45Z">
          <params>
            <param index="0">
              <value>
                <![CDATA["Validate Create Customer API with Valid Auth Key and data"]]>
              </value>
            </param>
            <param index="1">
              <value>
                <![CDATA["Validate Create Customer API"]]>
              </value>
            </param>
          </params>
          <reporter-output>
          </reporter-output>
        </test-method> <!-- feature -->
        <test-method status="PASS" signature="feature(cucumber.api.testng.PickleEventWrapper, cucumber.api.testng.CucumberFeatureWrapper)[pri:0, instance:testRunners.TestRunner@59a6e353]" name="feature" duration-ms="776" started-at="2020-05-08T01:16:45Z" data-provider="features" finished-at="2020-05-08T01:16:46Z">
          <params>
            <param index="0">
              <value>
                <![CDATA["Validate Create Customer API with InValid Auth Key and data"]]>
              </value>
            </param>
            <param index="1">
              <value>
                <![CDATA["Validate Create Customer API"]]>
              </value>
            </param>
          </params>
          <reporter-output>
          </reporter-output>
        </test-method> <!-- feature -->
        <test-method status="PASS" signature="tearDownClass()[pri:0, instance:testRunners.TestRunner@59a6e353]" name="tearDownClass" is-config="true" duration-ms="15" started-at="2020-05-08T01:16:46Z" finished-at="2020-05-08T01:16:46Z">
          <reporter-output>
          </reporter-output>
        </test-method> <!-- tearDownClass -->
      </class> <!-- testRunners.TestRunner -->
    </test> <!-- TestNg -->
  </suite> <!-- Suite -->
</testng-results>
